Build started 21-1-2015 21:22:40.
     1>Project "D:\Git\Year2\fga2.gt2\SprayAndPray\build_sprayandpray_vc12\SprayAndPray_vc12.vcxproj" on node 2 (Build target(s)).
     1>CustomBuild:
         Performing Custom Build Tools
         msg: option 'default-buildenv' overridden by command line
         C:\Program Files\Marmalade\7.4\s3e\makefile_builder\mkb.py d:/Git/Year2/fga2.gt2/SprayAndPray/SprayAndPray.mkb --buildenv=VC12 --fake-vc-call --default-buildenv=vc12 --msvc-project
         Building project: d:/Git/Year2/fga2.gt2/SprayAndPray/SprayAndPray.mkb
     1>d:/Git/Year2/fga2.gt2/SprayAndPray/SprayAndPray.mkb(65): warning : filename case does not match the filesystem: d:/git/year2/fga2.gt2/sprayandpray/SoundEngine.mkf
         Done, with 1 warnings.
         done
       ClCompile:
         C:\Program Files\Marmalade\7.4\s3e\bin\CL.exe /c /I"c:/program files/marmalade/7.4/modules/iwutil/h" /I"c:/program files/marmalade/7.4/modules/third_party/libjpeg/h" /I"c:/program files/marmalade/7.4/modules/third_party/zlib/h" /I"c:/program files/marmalade/7.4/modules/third_party/libpng/h" /I"c:/program files/marmalade/7.4/modules/iw2dscenegraphcore/h" /I"c:/program files/marmalade/7.4/modules/iw2dscenegraph/h" /I"c:/program files/marmalade/7.4/modules/iw2d/h" /I"c:/program files/marmalade/7.4/modules/iwgx/h" /I"c:/program files/marmalade/7.4/modules/iwgl/h" /I"c:/program files/marmalade/7.4/modules/iwgeom/h" /I"c:/program files/marmalade/7.4/modules/iwresmanager/h" /I"c:/program files/marmalade/7.4/extensions/pvrtextool/h" /I"c:/program files/marmalade/7.4/modules/iwgxfont/h" /I"c:/program files/marmalade/7.4/modules/third_party/tiniconv/source" /I"c:/program files/marmalade/7.4/modules/iwnui/h" /I"c:/program files/marmalade/7.4/extensions/s3enui/h" /I"c:/program files/marmalade/7.4/modules/iwui/h" /I"c:/program files/marmalade/7.4/modules/iwtween/h" /Id:/git/year2/fga2.gt2/sprayandpray/SoundEngine/h /Id:/git/year2/fga2.gt2/sprayandpray/SoundEngine/source /I"c:/program files/marmalade/7.4/s3e/h" /I"c:/program files/marmalade/7.4/s3e/h/ext" /I"c:/program files/marmalade/7.4/s3e/h/std" /I"c:/program files/marmalade/7.4/s3e/h/std/c++" /I"c:/program files/marmalade/7.4/s3e/h/ext_legacy" /I"c:/program files/marmalade/7.4/s3e/h/legacy" /I. /Z7 /nologo /W3 /WX- /MP /Od /Oy- /X /Gm- /EHsc /RTC1 /MTd /GS /Gy /fp:precise /Zc:wchar_t /Zc:forScope /Fo"Debug_SprayAndPray_vc12_gcc_arm\\" /Fd"Debug_SprayAndPray_vc12_gcc_arm\vc120.pdb" /Gd /TP /analyze- /errorReport:prompt /S3Eproject /J /Fe"s3e-custom-tool='c:/program files/marmalade/7.4/s3e/gcc/win32/bin/arm-none-eabi-gcc.exe' tooltype=gcc_compiler -funsigned-char -fno-strict-aliasing -fno-stack-protector -fno-short-enums -fshort-wchar -Wall -fomit-frame-pointer -fmessage-length=0 -Wno-unused -Wno-parentheses -save-temps -ffunction-sections -mstructure-size-boundary=8 -march=armv6 -mfloat-abi=soft -mthumb-interwork -mword-relocations -Wno-switch -Wno-psabi -fvisibility=hidden -nostdinc -fPIC --cppflag=-Wno-reorder --cppflag=-fvisibility-inlines-hidden --cppflag=-fno-exceptions --cppflag=-nostdinc++ -g -O0 -gdwarf-2" /FD  /FI"d:\Git\Year2\fga2.gt2\SprayAndPray\build_sprayandpray_vc12\temp_defines_debug.h" ..\AudioManager.cpp ..\Background.cpp ..\Bullet.cpp ..\Button.cpp ..\CollisionManager.cpp ..\Enemy.cpp ..\Game.cpp ..\GameSprite.cpp ..\GameView.cpp ..\GuiElement.cpp ..\ImageManager.cpp ..\Input.cpp "c:\program files\marmalade\7.4\modules\iw2dscenegraph\source\Iw2DSceneGraph.cpp" "c:\program files\marmalade\7.4\modules\iw2dscenegraphcore\source\Iw2DSceneGraphCore.cpp" ..\SoundEngine\source\IwResHandlerWAV.cpp ..\SoundEngine\source\IwSoundADPCM.cpp ..\SoundEngine\source\IwSoundData.cpp ..\SoundEngine\source\IwSoundGroup.cpp ..\SoundEngine\source\IwSoundInst.cpp ..\SoundEngine\source\IwSoundManager.cpp ..\SoundEngine\source\IwSoundPCM.cpp ..\SoundEngine\source\IwSoundParams.cpp ..\SoundEngine\source\IwSoundSpec.cpp "c:\program files\marmalade\7.4\modules\iwtween\source\IwTween.cpp" ..\Menu.cpp "c:\program files\marmalade\7.4\extensions\pvrtextool\interface\PVRTexTool_interface.cpp" ..\Player.cpp ..\SprayAndPray.cpp ..\Sprite.cpp ..\Trackpad.cpp ..\View.cpp ..\definitions.cpp
         ARM Compiling(GCC) D:\Git\Year2\fga2.gt2\SprayAndPray\AudioManager.cpp ...
         ARM Compiling(GCC) D:\Git\Year2\fga2.gt2\SprayAndPray\Background.cpp ...
         ARM Compiling(GCC) D:\Git\Year2\fga2.gt2\SprayAndPray\Bullet.cpp ...
         ARM Compiling(GCC) D:\Git\Year2\fga2.gt2\SprayAndPray\Button.cpp ...
         ARM Compiling(GCC) D:\Git\Year2\fga2.gt2\SprayAndPray\CollisionManager.cpp ...
         ARM Compiling(GCC) D:\Git\Year2\fga2.gt2\SprayAndPray\Enemy.cpp ...
         ARM Compiling(GCC) D:\Git\Year2\fga2.gt2\SprayAndPray\Game.cpp ...
         ARM Compiling(GCC) D:\Git\Year2\fga2.gt2\SprayAndPray\GameSprite.cpp ...
         ARM Compiling(GCC) D:\Git\Year2\fga2.gt2\SprayAndPray\GameView.cpp ...
         ARM Compiling(GCC) D:\Git\Year2\fga2.gt2\SprayAndPray\GuiElement.cpp ...
         ARM Compiling(GCC) D:\Git\Year2\fga2.gt2\SprayAndPray\ImageManager.cpp ...
         ARM Compiling(GCC) D:\Git\Year2\fga2.gt2\SprayAndPray\Input.cpp ...
         ARM Compiling(GCC) c:\program files\marmalade\7.4\modules\iw2dscenegraph\source\Iw2DSceneGraph.cpp ...
         ARM Compiling(GCC) c:\program files\marmalade\7.4\modules\iw2dscenegraphcore\source\Iw2DSceneGraphCore.cpp ...
         ARM Compiling(GCC) D:\Git\Year2\fga2.gt2\SprayAndPray\SoundEngine\source\IwResHandlerWAV.cpp ...
         ARM Compiling(GCC) D:\Git\Year2\fga2.gt2\SprayAndPray\SoundEngine\source\IwSoundADPCM.cpp ...
         ARM Compiling(GCC) D:\Git\Year2\fga2.gt2\SprayAndPray\SoundEngine\source\IwSoundData.cpp ...
         ARM Compiling(GCC) D:\Git\Year2\fga2.gt2\SprayAndPray\SoundEngine\source\IwSoundGroup.cpp ...
         ARM Compiling(GCC) D:\Git\Year2\fga2.gt2\SprayAndPray\SoundEngine\source\IwSoundInst.cpp ...
         ARM Compiling(GCC) D:\Git\Year2\fga2.gt2\SprayAndPray\SoundEngine\source\IwSoundManager.cpp ...
         ARM Compiling(GCC) D:\Git\Year2\fga2.gt2\SprayAndPray\SoundEngine\source\IwSoundPCM.cpp ...
         ARM Compiling(GCC) D:\Git\Year2\fga2.gt2\SprayAndPray\SoundEngine\source\IwSoundParams.cpp ...
         ARM Compiling(GCC) D:\Git\Year2\fga2.gt2\SprayAndPray\SoundEngine\source\IwSoundSpec.cpp ...
         ARM Compiling(GCC) c:\program files\marmalade\7.4\modules\iwtween\source\IwTween.cpp ...
         ARM Compiling(GCC) D:\Git\Year2\fga2.gt2\SprayAndPray\Menu.cpp ...
         ARM Compiling(GCC) c:\program files\marmalade\7.4\extensions\pvrtextool\interface\PVRTexTool_interface.cpp ...
         ARM Compiling(GCC) D:\Git\Year2\fga2.gt2\SprayAndPray\Player.cpp ...
         ARM Compiling(GCC) D:\Git\Year2\fga2.gt2\SprayAndPray\SprayAndPray.cpp ...
         ARM Compiling(GCC) D:\Git\Year2\fga2.gt2\SprayAndPray\Sprite.cpp ...
         ARM Compiling(GCC) D:\Git\Year2\fga2.gt2\SprayAndPray\Trackpad.cpp ...
         ARM Compiling(GCC) D:\Git\Year2\fga2.gt2\SprayAndPray\View.cpp ...
         ARM Compiling(GCC) D:\Git\Year2\fga2.gt2\SprayAndPray\definitions.cpp ...
       Link:
         C:\Program Files\Marmalade\7.4\s3e\bin\link.exe /ERRORREPORT:PROMPT /OUT:"Debug_SprayAndPray_vc12_gcc_arm\SprayAndPray.s3e" /INCREMENTAL /NOLOGO /LIBPATH:"c:/program files/marmalade/7.4/modules/iwutil/lib/arm/v6/nofpu/soft" /LIBPATH:"c:/program files/marmalade/7.4/modules/third_party/libjpeg/lib/arm/v6/nofpu/soft" /LIBPATH:"c:/program files/marmalade/7.4/modules/third_party/zlib/lib/arm/v6/nofpu/soft" /LIBPATH:"c:/program files/marmalade/7.4/modules/third_party/libpng/lib/arm/v6/nofpu/soft" /LIBPATH:"c:/program files/marmalade/7.4/modules/iw2d/lib/arm/v6/nofpu/soft" /LIBPATH:"c:/program files/marmalade/7.4/modules/iwgx/atitools" /LIBPATH:"c:/program files/marmalade/7.4/modules/iwgx/lib/arm/v6/nofpu/soft" /LIBPATH:"c:/program files/marmalade/7.4/modules/iwgl/lib/arm/v6/nofpu/soft" /LIBPATH:"c:/program files/marmalade/7.4/modules/iwgeom/lib/arm/v6/nofpu/soft" /LIBPATH:"c:/program files/marmalade/7.4/modules/iwresmanager/lib/arm/v6/nofpu/soft" /LIBPATH:"c:/program files/marmalade/7.4/modules/iwgxfont/lib/arm/v6/nofpu/soft" /LIBPATH:"c:/program files/marmalade/7.4/modules/third_party/tiniconv/lib/arm/v6/nofpu/soft" /LIBPATH:"c:/program files/marmalade/7.4/modules/iwnui/lib/arm/v6/nofpu/soft" /LIBPATH:"c:/program files/marmalade/7.4/modules/iwui/lib/arm/v6/nofpu/soft" /LIBPATH:"c:/program files/marmalade/7.4/extensions/s3enui/lib/arm/v6/nofpu/soft" /LIBPATH:"c:/program files/marmalade/7.4/s3e/lib/arm/v6/nofpu/soft" /NODEFAULTLIB:libcmt /MANIFEST:NO /PDB:"Debug_SprayAndPray_vc12_gcc_arm\SprayAndPray.pdb" /SUBSYSTEM:WINDOWS /OPT:NOREF /OPT:NOICF /TLBID:1 /DYNAMICBASE /NXCOMPAT /IMPLIB:"Debug_SprayAndPray_vc12_gcc_arm\SprayAndPray.lib" /MACHINE:X86  /include:_IwMain /include:_raise /include:_DllEntryPoint@12 /force:multiple /COMMENT:"s3e-custom-tool='c:/program files/marmalade/7.4/s3e/gcc/win32/bin/arm-none-eabi-g++.exe' tooltype=gcc_linker -Wl,--gc-sections -Wl,--as-needed -march=armv6 -mfloat-abi=soft -mthumb-interwork -pie -Wl,--entry=_IwMain -Wl,--no-enum-size-warning -Wl,-Tlinker_script -lc -lm -Wl,-Map='Debug_SprayAndPray_vc12_gcc_arm\/SprayAndPray.map' -Wl,--start-group -liwutil_d -ljpeg_d -lz_d -lpng_d -liw2d_d -liwgx_d -liwgl_d -liwgeom_d -liwresmanager_d -liwgxfont_ttf_d -ltiniconv_d -liwnui_d -liwui_d -ls3eNUI_iwui_d -ls3e_cpp_d -ls3e_d -ls3e_api_iwgl -Wl,--end-group --plink:--arch=armv6 --plink:--compiler=rvct --plink:-u" /DLL Debug_SprayAndPray_vc12_gcc_arm\AudioManager.obj
         Debug_SprayAndPray_vc12_gcc_arm\Background.obj
         Debug_SprayAndPray_vc12_gcc_arm\Bullet.obj
         Debug_SprayAndPray_vc12_gcc_arm\Button.obj
         Debug_SprayAndPray_vc12_gcc_arm\CollisionManager.obj
         Debug_SprayAndPray_vc12_gcc_arm\Enemy.obj
         Debug_SprayAndPray_vc12_gcc_arm\Game.obj
         Debug_SprayAndPray_vc12_gcc_arm\GameSprite.obj
         Debug_SprayAndPray_vc12_gcc_arm\GameView.obj
         Debug_SprayAndPray_vc12_gcc_arm\GuiElement.obj
         Debug_SprayAndPray_vc12_gcc_arm\ImageManager.obj
         Debug_SprayAndPray_vc12_gcc_arm\Input.obj
         Debug_SprayAndPray_vc12_gcc_arm\Iw2DSceneGraph.obj
         Debug_SprayAndPray_vc12_gcc_arm\Iw2DSceneGraphCore.obj
         Debug_SprayAndPray_vc12_gcc_arm\IwResHandlerWAV.obj
         Debug_SprayAndPray_vc12_gcc_arm\IwSoundADPCM.obj
         Debug_SprayAndPray_vc12_gcc_arm\IwSoundData.obj
         Debug_SprayAndPray_vc12_gcc_arm\IwSoundGroup.obj
         Debug_SprayAndPray_vc12_gcc_arm\IwSoundInst.obj
         Debug_SprayAndPray_vc12_gcc_arm\IwSoundManager.obj
         Debug_SprayAndPray_vc12_gcc_arm\IwSoundPCM.obj
         Debug_SprayAndPray_vc12_gcc_arm\IwSoundParams.obj
         Debug_SprayAndPray_vc12_gcc_arm\IwSoundSpec.obj
         Debug_SprayAndPray_vc12_gcc_arm\IwTween.obj
         Debug_SprayAndPray_vc12_gcc_arm\Menu.obj
         Debug_SprayAndPray_vc12_gcc_arm\PVRTexTool_interface.obj
         Debug_SprayAndPray_vc12_gcc_arm\Player.obj
         Debug_SprayAndPray_vc12_gcc_arm\SprayAndPray.obj
         Debug_SprayAndPray_vc12_gcc_arm\Sprite.obj
         Debug_SprayAndPray_vc12_gcc_arm\Trackpad.obj
         Debug_SprayAndPray_vc12_gcc_arm\View.obj
         Debug_SprayAndPray_vc12_gcc_arm\definitions.obj
         ARM Linking(GCC) ...
         SprayAndPray_vc12.vcxproj -> D:\Git\Year2\fga2.gt2\SprayAndPray\build_sprayandpray_vc12\Debug_SprayAndPray_vc12_gcc_arm\SprayAndPray.s3e
       PostBuildEvent:
         echo "C:\Program Files\Marmalade\7.4\s3e\python\python.exe" .\process_map.py "D:\Git\Year2\fga2.gt2\SprayAndPray\build_sprayandpray_vc12\Debug_SprayAndPray_vc12_gcc_arm\SprayAndPray.s3e"
         chdir /d "c:\program files\marmalade\7.4\s3e\tools"
         "C:\Program Files\Marmalade\7.4\s3e\python\python.exe" .\process_map.py "D:\Git\Year2\fga2.gt2\SprayAndPray\build_sprayandpray_vc12\Debug_SprayAndPray_vc12_gcc_arm\SprayAndPray.s3e"
         
         :VCEnd
         "C:\Program Files\Marmalade\7.4\s3e\python\python.exe" .\process_map.py "D:\Git\Year2\fga2.gt2\SprayAndPray\build_sprayandpray_vc12\Debug_SprayAndPray_vc12_gcc_arm\SprayAndPray.s3e"
     1>Done Building Project "D:\Git\Year2\fga2.gt2\SprayAndPray\build_sprayandpray_vc12\SprayAndPray_vc12.vcxproj" (Build target(s)).

Build succeeded.

Time Elapsed 00:00:23.38
