d:\git\year2\fga2.gt2\sprayandpray\build_sprayandpray_vc12\sprayandpray_vc12.stamp
d:\git\year2\fga2.gt2\sprayandpray\build_sprayandpray_vc12\debug_sprayandpray_vc12_x86\audiomanager.obj
d:\git\year2\fga2.gt2\sprayandpray\build_sprayandpray_vc12\debug_sprayandpray_vc12_x86\gameview.obj
d:\git\year2\fga2.gt2\sprayandpray\build_sprayandpray_vc12\debug_sprayandpray_vc12_x86\sprite.obj
d:\git\year2\fga2.gt2\sprayandpray\build_sprayandpray_vc12\debug_sprayandpray_vc12_x86\gamesprite.obj
d:\git\year2\fga2.gt2\sprayandpray\build_sprayandpray_vc12\debug_sprayandpray_vc12_x86\iw2dscenegraph.obj
d:\git\year2\fga2.gt2\sprayandpray\build_sprayandpray_vc12\debug_sprayandpray_vc12_x86\iwsoundspec.obj
d:\git\year2\fga2.gt2\sprayandpray\build_sprayandpray_vc12\debug_sprayandpray_vc12_x86\bullet.obj
d:\git\year2\fga2.gt2\sprayandpray\build_sprayandpray_vc12\debug_sprayandpray_vc12_x86\iwsoundgroup.obj
d:\git\year2\fga2.gt2\sprayandpray\build_sprayandpray_vc12\debug_sprayandpray_vc12_x86\menu.obj
d:\git\year2\fga2.gt2\sprayandpray\build_sprayandpray_vc12\debug_sprayandpray_vc12_x86\game.obj
d:\git\year2\fga2.gt2\sprayandpray\build_sprayandpray_vc12\debug_sprayandpray_vc12_x86\iwsoundadpcm.obj
d:\git\year2\fga2.gt2\sprayandpray\build_sprayandpray_vc12\debug_sprayandpray_vc12_x86\iwsoundparams.obj
d:\git\year2\fga2.gt2\sprayandpray\build_sprayandpray_vc12\debug_sprayandpray_vc12_x86\player.obj
d:\git\year2\fga2.gt2\sprayandpray\build_sprayandpray_vc12\debug_sprayandpray_vc12_x86\enemy.obj
d:\git\year2\fga2.gt2\sprayandpray\build_sprayandpray_vc12\debug_sprayandpray_vc12_x86\iwreshandlerwav.obj
d:\git\year2\fga2.gt2\sprayandpray\build_sprayandpray_vc12\debug_sprayandpray_vc12_x86\iwsoundpcm.obj
d:\git\year2\fga2.gt2\sprayandpray\build_sprayandpray_vc12\debug_sprayandpray_vc12_x86\sprayandpray.obj
d:\git\year2\fga2.gt2\sprayandpray\build_sprayandpray_vc12\debug_sprayandpray_vc12_x86\collisionmanager.obj
d:\git\year2\fga2.gt2\sprayandpray\build_sprayandpray_vc12\debug_sprayandpray_vc12_x86\guielement.obj
d:\git\year2\fga2.gt2\sprayandpray\build_sprayandpray_vc12\debug_sprayandpray_vc12_x86\iwsoundmanager.obj
d:\git\year2\fga2.gt2\sprayandpray\build_sprayandpray_vc12\debug_sprayandpray_vc12_x86\definitions.obj
d:\git\year2\fga2.gt2\sprayandpray\build_sprayandpray_vc12\debug_sprayandpray_vc12_x86\background.obj
d:\git\year2\fga2.gt2\sprayandpray\build_sprayandpray_vc12\debug_sprayandpray_vc12_x86\imagemanager.obj
d:\git\year2\fga2.gt2\sprayandpray\build_sprayandpray_vc12\debug_sprayandpray_vc12_x86\iw2dscenegraphcore.obj
d:\git\year2\fga2.gt2\sprayandpray\build_sprayandpray_vc12\debug_sprayandpray_vc12_x86\iwsoundinst.obj
d:\git\year2\fga2.gt2\sprayandpray\build_sprayandpray_vc12\debug_sprayandpray_vc12_x86\view.obj
d:\git\year2\fga2.gt2\sprayandpray\build_sprayandpray_vc12\debug_sprayandpray_vc12_x86\button.obj
d:\git\year2\fga2.gt2\sprayandpray\build_sprayandpray_vc12\debug_sprayandpray_vc12_x86\input.obj
d:\git\year2\fga2.gt2\sprayandpray\build_sprayandpray_vc12\debug_sprayandpray_vc12_x86\iwsounddata.obj
d:\git\year2\fga2.gt2\sprayandpray\build_sprayandpray_vc12\debug_sprayandpray_vc12_x86\iwtween.obj
d:\git\year2\fga2.gt2\sprayandpray\build_sprayandpray_vc12\debug_sprayandpray_vc12_x86\pvrtextool_interface.obj
d:\git\year2\fga2.gt2\sprayandpray\build_sprayandpray_vc12\debug_sprayandpray_vc12_x86\trackpad.obj
d:\git\year2\fga2.gt2\sprayandpray\build_sprayandpray_vc12\debug_sprayandpray_vc12_x86\vc120.pdb
d:\git\year2\fga2.gt2\sprayandpray\build_sprayandpray_vc12\debug_sprayandpray_vc12_x86\guitexture.obj
d:\git\year2\fga2.gt2\sprayandpray\build_sprayandpray_vc12\debug_sprayandpray_vc12_x86\checkbox.obj
d:\git\year2\fga2.gt2\sprayandpray\build_sprayandpray_vc12\debug_sprayandpray_vc12_x86\sprayandpray.s86
d:\git\year2\fga2.gt2\sprayandpray\build_sprayandpray_vc12\debug_sprayandpray_vc12_x86\sprayandpray.pdb
d:\git\year2\fga2.gt2\sprayandpray\build_sprayandpray_vc12\debug_sprayandpray_vc12_x86\sprayandpray.lib
d:\git\year2\fga2.gt2\sprayandpray\build_sprayandpray_vc12\debug_sprayandpray_vc12_x86\sprayandpray.exp
d:\git\year2\fga2.gt2\sprayandpray\build_sprayandpray_vc12\debug_sprayandpray_vc12_x86\custombuild.command.1.tlog
d:\git\year2\fga2.gt2\sprayandpray\build_sprayandpray_vc12\debug_sprayandpray_vc12_x86\custombuild.read.1.tlog
d:\git\year2\fga2.gt2\sprayandpray\build_sprayandpray_vc12\debug_sprayandpray_vc12_x86\custombuild.write.1.tlog
d:\git\year2\fga2.gt2\sprayandpray\build_sprayandpray_vc12\debug_sprayandpray_vc12_x86\vc120.idb
d:\git\year2\fga2.gt2\sprayandpray\build_sprayandpray_vc12\debug_sprayandpray_vc12_x86\sprayand.52f04d33.tlog\cl.command.1.tlog
d:\git\year2\fga2.gt2\sprayandpray\build_sprayandpray_vc12\debug_sprayandpray_vc12_x86\sprayand.52f04d33.tlog\cl.read.1.tlog
d:\git\year2\fga2.gt2\sprayandpray\build_sprayandpray_vc12\debug_sprayandpray_vc12_x86\sprayand.52f04d33.tlog\cl.write.1.tlog
d:\git\year2\fga2.gt2\sprayandpray\build_sprayandpray_vc12\debug_sprayandpray_vc12_x86\sprayand.52f04d33.tlog\custombuild.command.1.tlog
d:\git\year2\fga2.gt2\sprayandpray\build_sprayandpray_vc12\debug_sprayandpray_vc12_x86\sprayand.52f04d33.tlog\custombuild.read.1.tlog
d:\git\year2\fga2.gt2\sprayandpray\build_sprayandpray_vc12\debug_sprayandpray_vc12_x86\sprayand.52f04d33.tlog\custombuild.write.1.tlog
d:\git\year2\fga2.gt2\sprayandpray\build_sprayandpray_vc12\debug_sprayandpray_vc12_x86\sprayand.52f04d33.tlog\link.10092.write.1.tlog
d:\git\year2\fga2.gt2\sprayandpray\build_sprayandpray_vc12\debug_sprayandpray_vc12_x86\sprayand.52f04d33.tlog\link.command.1.tlog
d:\git\year2\fga2.gt2\sprayandpray\build_sprayandpray_vc12\debug_sprayandpray_vc12_x86\sprayand.52f04d33.tlog\link.read.1.tlog
d:\git\year2\fga2.gt2\sprayandpray\build_sprayandpray_vc12\debug_sprayandpray_vc12_x86\sprayand.52f04d33.tlog\sprayandpray_vc12.write.1u.tlog
